"../../../Engine/Content/EngineMaterials/T_Default_Material_Grid_N.uasset" 0
"../../../Engine/Content/EngineMaterials/T_Default_Material_Grid_N.uexp" 1
"../../../Engine/Content/EngineMaterials/T_Default_Material_Grid_M.uasset" 2
"../../../Engine/Content/EngineMaterials/T_Default_Material_Grid_M.uexp" 3
"../../../Engine/Content/Functions/Engine_MaterialFunctions01/Opacity/CameraDepthFade.uasset" 4
"../../../Engine/Content/Functions/Engine_MaterialFunctions01/Opacity/CameraDepthFade.uexp" 5
"../../../Engine/Content/EngineMaterials/WorldGridMaterial.uasset" 6
"../../../Engine/Content/EngineMaterials/WorldGridMaterial.uexp" 7
"../../../Engine/Content/ArtTools/RenderToTexture/Meshes/S_1_Unit_Plane.uasset" 8
"../../../Engine/Content/ArtTools/RenderToTexture/Meshes/S_1_Unit_Plane.uexp" 9
"../../../Engine/Content/EngineMaterials/DefaultMaterial.uasset" 10
"../../../Engine/Content/EngineMaterials/DefaultMaterial.uexp" 11
"../../../Engine/Content/BasicShapes/Cone.uasset" 12
"../../../Engine/Content/BasicShapes/Cone.uexp" 13
"../../../Engine/Content/BasicShapes/Cube.uasset" 14
"../../../Engine/Content/BasicShapes/Cube.uexp" 15
"../../../Engine/Content/BasicShapes/Plane.uasset" 16
"../../../Engine/Content/BasicShapes/Plane.uexp" 17
"../../../Engine/Content/BasicShapes/Sphere.uasset" 18
"../../../Engine/Content/BasicShapes/Sphere.uexp" 19
"../../../Engine/Content/EditorLandscapeResources/DataLayer.uasset" 20
"../../../Engine/Content/EditorLandscapeResources/DataLayer.uexp" 21
"../../../Engine/Content/EditorLandscapeResources/DefaultAlphaTexture.uasset" 22
"../../../Engine/Content/EditorLandscapeResources/DefaultAlphaTexture.uexp" 23
"../../../Engine/Content/EditorMaterials/MAT_Groups_Toggle.uasset" 24
"../../../Engine/Content/EditorMaterials/MAT_Groups_Toggle.uexp" 25
"../../../Engine/Content/EditorMaterials/MAT_Groups_Visibility.uasset" 26
"../../../Engine/Content/EditorMaterials/MAT_Groups_Visibility.uexp" 27
"../../../Engine/Content/EditorMaterials/PreviewShadowIndicator.uasset" 28
"../../../Engine/Content/EditorMaterials/PreviewShadowIndicator.uexp" 29
"../../../Engine/Content/EditorMaterials/PreviewShadowIndicatorMaterial.uasset" 30
"../../../Engine/Content/EditorMaterials/PreviewShadowIndicatorMaterial.uexp" 31
"../../../Engine/Content/EditorMaterials/MatineeGroups/MAT_ColorTrack.uasset" 32
"../../../Engine/Content/EditorMaterials/MatineeGroups/MAT_ColorTrack.uexp" 33
"../../../Engine/Content/EditorMaterials/MatineeGroups/MAT_Groups_Anim.uasset" 34
"../../../Engine/Content/EditorMaterials/MatineeGroups/MAT_Groups_Anim.uexp" 35
"../../../Engine/Content/EditorMaterials/MatineeGroups/MAT_Groups_AudioMaster.uasset" 36
"../../../Engine/Content/EditorMaterials/MatineeGroups/MAT_Groups_AudioMaster.uexp" 37
"../../../Engine/Content/EditorMaterials/MatineeGroups/MAT_Groups_Director.uasset" 38
"../../../Engine/Content/EditorMaterials/MatineeGroups/MAT_Groups_Director.uexp" 39
"../../../Engine/Content/EditorMaterials/MatineeGroups/MAT_Groups_Event.uasset" 40
"../../../Engine/Content/EditorMaterials/MatineeGroups/MAT_Groups_Event.uexp" 41
"../../../Engine/Content/EditorMaterials/MatineeGroups/MAT_Groups_Fade.uasset" 42
"../../../Engine/Content/EditorMaterials/MatineeGroups/MAT_Groups_Fade.uexp" 43
"../../../Engine/Content/EditorMaterials/MatineeGroups/MAT_Groups_Float.uasset" 44
"../../../Engine/Content/EditorMaterials/MatineeGroups/MAT_Groups_Float.uexp" 45
"../../../Engine/Content/EditorMaterials/MatineeGroups/MAT_Groups_Move.uasset" 46
"../../../Engine/Content/EditorMaterials/MatineeGroups/MAT_Groups_Move.uexp" 47
"../../../Engine/Content/EditorMaterials/MatineeGroups/MAT_Groups_Slomo.uasset" 48
"../../../Engine/Content/EditorMaterials/MatineeGroups/MAT_Groups_Slomo.uexp" 49
"../../../Engine/Content/EditorMaterials/MatineeGroups/MAT_Groups_Sound.uasset" 50
"../../../Engine/Content/EditorMaterials/MatineeGroups/MAT_Groups_Sound.uexp" 51
"../../../Engine/Content/EditorMaterials/MatineeGroups/MAT_Groups_Vector.uasset" 52
"../../../Engine/Content/EditorMaterials/MatineeGroups/MAT_Groups_Vector.uexp" 53
"../../../Engine/Content/EditorMaterials/ParticleSystems/PSysThumbnail_NoImage.uasset" 54
"../../../Engine/Content/EditorMaterials/ParticleSystems/PSysThumbnail_NoImage.uexp" 55
"../../../Engine/Content/EditorMaterials/ParticleSystems/PSysThumbnail_OOD.uasset" 56
"../../../Engine/Content/EditorMaterials/ParticleSystems/PSysThumbnail_OOD.uexp" 57
"../../../Engine/Content/EditorMaterials/Camera/CineMat.uasset" 58
"../../../Engine/Content/EditorMaterials/Camera/CineMat.uexp" 59
"../../../Engine/Content/EditorMaterials/Camera/MI_CineMat_Rig.uasset" 60
"../../../Engine/Content/EditorMaterials/Camera/MI_CineMat_Rig.uexp" 61
"../../../Engine/Content/EditorMeshes/Camera/SM_CraneRig_Arm.uasset" 62
"../../../Engine/Content/EditorMeshes/Camera/SM_CraneRig_Arm.uexp" 63
"../../../Engine/Content/EditorMeshes/Camera/SM_CraneRig_Base.uasset" 64
"../../../Engine/Content/EditorMeshes/Camera/SM_CraneRig_Base.uexp" 65
"../../../Engine/Content/EditorMeshes/Camera/SM_CraneRig_Body.uasset" 66
"../../../Engine/Content/EditorMeshes/Camera/SM_CraneRig_Body.uexp" 67
"../../../Engine/Content/EditorMeshes/Camera/SM_CraneRig_Mount.uasset" 68
"../../../Engine/Content/EditorMeshes/Camera/SM_CraneRig_Mount.uexp" 69
"../../../Engine/Content/EditorMeshes/Camera/SM_RailRig_Mount.uasset" 70
"../../../Engine/Content/EditorMeshes/Camera/SM_RailRig_Mount.uexp" 71
"../../../Engine/Content/EditorMeshes/Camera/SM_RailRig_Track.uasset" 72
"../../../Engine/Content/EditorMeshes/Camera/SM_RailRig_Track.uexp" 73
"../../../Engine/Content/EditorResources/BSPVertex.uasset" 74
"../../../Engine/Content/EditorResources/BSPVertex.uexp" 75
"../../../Engine/Content/EditorResources/EmptyActor.uasset" 76
"../../../Engine/Content/EditorResources/EmptyActor.uexp" 77
"../../../Engine/Content/EditorResources/S_Actor.uasset" 78
"../../../Engine/Content/EditorResources/S_Actor.uexp" 79
"../../../Engine/Content/EditorResources/S_Note.uasset" 80
"../../../Engine/Content/EditorResources/S_Note.uexp" 81
"../../../Engine/Content/EditorResources/S_Solver.uasset" 82
"../../../Engine/Content/EditorResources/S_Solver.uexp" 83
"../../../Engine/Content/EditorResources/S_Terrain.uasset" 84
"../../../Engine/Content/EditorResources/S_Terrain.uexp" 85
"../../../Engine/Content/EditorResources/S_Trigger.uasset" 86
"../../../Engine/Content/EditorResources/S_Trigger.uexp" 87
"../../../Engine/Content/EditorResources/LightIcons/S_LightError.uasset" 88
"../../../Engine/Content/EditorResources/LightIcons/S_LightError.uexp" 89
"../../../Engine/Content/EditorResources/SequenceRecorder/Countdown.uasset" 90
"../../../Engine/Content/EditorResources/SequenceRecorder/Countdown.uexp" 91
"../../../Engine/Content/EditorResources/SequenceRecorder/RecordingIndicator.uasset" 92
"../../../Engine/Content/EditorResources/SequenceRecorder/RecordingIndicator.uexp" 93
"../../../Engine/Content/EngineDamageTypes/DmgTypeBP_Environmental.uasset" 94
"../../../Engine/Content/EngineDamageTypes/DmgTypeBP_Environmental.uexp" 95
"../../../Engine/Content/EngineDebugMaterials/DebugEditorMaterial.uasset" 96
"../../../Engine/Content/EngineDebugMaterials/DebugEditorMaterial.uexp" 97
"../../../Engine/Content/EngineDebugMaterials/DebugMeshMaterial.uasset" 98
"../../../Engine/Content/EngineDebugMaterials/DebugMeshMaterial.uexp" 99
"../../../Engine/Content/EngineDebugMaterials/M_SimpleUnlitTranslucent.uasset" 100
"../../../Engine/Content/EngineDebugMaterials/M_SimpleUnlitTranslucent.uexp" 101
"../../../Engine/Content/EngineDebugMaterials/VolumeToRender.uasset" 102
"../../../Engine/Content/EngineDebugMaterials/VolumeToRender.uexp" 103
"../../../Engine/Content/Functions/Engine_MaterialFunctions02/Utility/CameraDirectionVector.uasset" 104
"../../../Engine/Content/Functions/Engine_MaterialFunctions02/Utility/CameraDirectionVector.uexp" 105
"../../../Engine/Content/EngineDebugMaterials/M_VolumeRenderSphereTracePP.uasset" 106
"../../../Engine/Content/EngineDebugMaterials/M_VolumeRenderSphereTracePP.uexp" 107
"../../../Engine/Content/Functions/Engine_MaterialFunctions01/Shading/ConvertFromDiffSpec.uasset" 108
"../../../Engine/Content/Functions/Engine_MaterialFunctions01/Shading/ConvertFromDiffSpec.uexp" 109
"../../../Engine/Content/EngineDebugMaterials/VertexColorMaterial.uasset" 110
"../../../Engine/Content/EngineDebugMaterials/VertexColorMaterial.uexp" 111
"../../../Engine/Content/EngineDebugMaterials/WireframeMaterial.uasset" 112
"../../../Engine/Content/EngineDebugMaterials/WireframeMaterial.uexp" 113
"../../../Engine/Content/EngineFonts/Faces/RobotoRegular.uasset" 114
"../../../Engine/Content/EngineFonts/Faces/RobotoRegular.uexp" 115
"../../../Engine/Content/EngineFonts/Faces/RobotoRegular.ufont" 116
"../../../Engine/Content/EngineFonts/Faces/RobotoLight.uasset" 117
"../../../Engine/Content/EngineFonts/Faces/RobotoLight.uexp" 118
"../../../Engine/Content/EngineFonts/Faces/RobotoLight.ufont" 119
"../../../Engine/Content/EngineFonts/Faces/RobotoItalic.uasset" 120
"../../../Engine/Content/EngineFonts/Faces/RobotoItalic.uexp" 121
"../../../Engine/Content/EngineFonts/Faces/RobotoItalic.ufont" 122
"../../../Engine/Content/EngineFonts/Faces/RobotoBoldItalic.uasset" 123
"../../../Engine/Content/EngineFonts/Faces/RobotoBoldItalic.uexp" 124
"../../../Engine/Content/EngineFonts/Faces/RobotoBoldItalic.ufont" 125
"../../../Engine/Content/EngineFonts/Faces/RobotoBold.uasset" 126
"../../../Engine/Content/EngineFonts/Faces/RobotoBold.uexp" 127
"../../../Engine/Content/EngineFonts/Faces/RobotoBold.ufont" 128
"../../../Engine/Content/EngineFonts/Faces/DroidSansFallback.uasset" 129
"../../../Engine/Content/EngineFonts/Faces/DroidSansFallback.uexp" 130
"../../../Engine/Content/EngineFonts/Faces/DroidSansFallback.ufont" 131
"../../../Engine/Content/EngineFonts/Roboto.uasset" 132
"../../../Engine/Content/EngineFonts/Roboto.uexp" 133
"../../../Engine/Content/EngineMaterials/BaseFlattenNormalMap.uasset" 134
"../../../Engine/Content/EngineMaterials/BaseFlattenNormalMap.uexp" 135
"../../../Engine/Content/EngineMaterials/BaseFlattenGrayscaleMap.uasset" 136
"../../../Engine/Content/EngineMaterials/BaseFlattenGrayscaleMap.uexp" 137
"../../../Engine/Content/EngineMaterials/BaseFlattenEmissiveMap.uasset" 138
"../../../Engine/Content/EngineMaterials/BaseFlattenEmissiveMap.uexp" 139
"../../../Engine/Content/EngineMaterials/BaseFlattenDiffuseMap.uasset" 140
"../../../Engine/Content/EngineMaterials/BaseFlattenDiffuseMap.uexp" 141
"../../../Engine/Content/EngineMaterials/BaseFlattenMaterial.uasset" 142
"../../../Engine/Content/EngineMaterials/BaseFlattenMaterial.uexp" 143
"../../../Engine/Content/EngineMaterials/BlueNoise.uasset" 144
"../../../Engine/Content/EngineMaterials/BlueNoise.uexp" 145
"../../../Engine/Content/EngineMaterials/DefaultBloomKernel.uasset" 146
"../../../Engine/Content/EngineMaterials/DefaultBloomKernel.uexp" 147
"../../../Engine/Content/EngineMaterials/DefaultBokeh.uasset" 148
"../../../Engine/Content/EngineMaterials/DefaultBokeh.uexp" 149
"../../../Engine/Content/EngineMaterials/DefaultDiffuse.uasset" 150
"../../../Engine/Content/EngineMaterials/DefaultDiffuse.uexp" 151
"../../../Engine/Content/EngineMaterials/DefaultDeferredDecalMaterial.uasset" 152
"../../../Engine/Content/EngineMaterials/DefaultDeferredDecalMaterial.uexp" 153
"../../../Engine/Content/EngineMaterials/DefaultLightFunctionMaterial.uasset" 154
"../../../Engine/Content/EngineMaterials/DefaultLightFunctionMaterial.uexp" 155
"../../../Engine/Content/EngineMaterials/DefaultPhysicalMaterial.uasset" 156
"../../../Engine/Content/EngineMaterials/DefaultPhysicalMaterial.uexp" 157
"../../../Engine/Content/Functions/Engine_MaterialFunctions02/Utility/BreakOutFloat2Components.uasset" 158
"../../../Engine/Content/Functions/Engine_MaterialFunctions02/Utility/BreakOutFloat2Components.uexp" 159
"../../../Engine/Content/EngineMaterials/DefaultPostProcessMaterial.uasset" 160
"../../../Engine/Content/EngineMaterials/DefaultPostProcessMaterial.uexp" 161
"../../../Engine/Content/EngineFonts/RobotoDistanceField.uasset" 162
"../../../Engine/Content/EngineFonts/RobotoDistanceField.uexp" 163
"../../../Engine/Content/EngineMaterials/DefaultTextMaterialOpaque.uasset" 164
"../../../Engine/Content/EngineMaterials/DefaultTextMaterialOpaque.uexp" 165
"../../../Engine/Content/EngineMaterials/DefaultWhiteGrid.uasset" 166
"../../../Engine/Content/EngineMaterials/DefaultWhiteGrid.uexp" 167
"../../../Engine/Content/EngineMaterials/DefaultWhiteGrid_Low.uasset" 168
"../../../Engine/Content/EngineMaterials/DefaultWhiteGrid_Low.uexp" 169
"../../../Engine/Content/EngineMaterials/EmissiveMeshMaterial.uasset" 170
"../../../Engine/Content/EngineMaterials/EmissiveMeshMaterial.uexp" 171
"../../../Engine/Content/EngineMaterials/GizmoMaterial.uasset" 172
"../../../Engine/Content/EngineMaterials/GizmoMaterial.uexp" 173
"../../../Engine/Content/EngineMaterials/Good64x64TilingNoiseHighFreq.uasset" 174
"../../../Engine/Content/EngineMaterials/Good64x64TilingNoiseHighFreq.uexp" 175
"../../../Engine/Content/EngineMaterials/MiniFont.uasset" 176
"../../../Engine/Content/EngineMaterials/MiniFont.uexp" 177
"../../../Engine/Content/EngineMaterials/InvalidLightmapSettings.uasset" 178
"../../../Engine/Content/EngineMaterials/InvalidLightmapSettings.uexp" 179
"../../../Engine/Content/EngineMaterials/M_InvalidLightmapSettings.uasset" 180
"../../../Engine/Content/EngineMaterials/M_InvalidLightmapSettings.uexp" 181
"../../../Engine/Content/Functions/Engine_MaterialFunctions02/WorldPositionOffset/CameraOffset.uasset" 182
"../../../Engine/Content/Functions/Engine_MaterialFunctions02/WorldPositionOffset/CameraOffset.uexp" 183
"../../../Engine/Content/EngineMaterials/PhAT_JointLimitMaterial.uasset" 184
"../../../Engine/Content/EngineMaterials/PhAT_JointLimitMaterial.uexp" 185
"../../../Engine/Content/EngineMaterials/DefaultCalibrationColor.uasset" 186
"../../../Engine/Content/EngineMaterials/DefaultCalibrationColor.uexp" 187
"../../../Engine/Content/EngineMaterials/PPM_DefaultCalibrationColor.uasset" 188
"../../../Engine/Content/EngineMaterials/PPM_DefaultCalibrationColor.uexp" 189
"../../../Engine/Content/EngineMaterials/DefaultCalibrationGrayscale.uasset" 190
"../../../Engine/Content/EngineMaterials/DefaultCalibrationGrayscale.uexp" 191
"../../../Engine/Content/EngineMaterials/PPM_DefaultCalibrationGrayscale.uasset" 192
"../../../Engine/Content/EngineMaterials/PPM_DefaultCalibrationGrayscale.uexp" 193
"../../../Engine/Content/EngineMaterials/PreintegratedSkinBRDF.uasset" 194
"../../../Engine/Content/EngineMaterials/PreintegratedSkinBRDF.uexp" 195
"../../../Engine/Content/EngineMaterials/RemoveSurfaceMaterial.uasset" 196
"../../../Engine/Content/EngineMaterials/RemoveSurfaceMaterial.uexp" 197
"../../../Engine/Content/EngineMaterials/WeightMapPlaceholderTexture.uasset" 198
"../../../Engine/Content/EngineMaterials/WeightMapPlaceholderTexture.uexp" 199
"../../../Engine/Content/EngineResources/WhiteSquareTexture.uasset" 200
"../../../Engine/Content/EngineResources/WhiteSquareTexture.uexp" 201
"../../../Engine/Content/EngineMaterials/Widget3DPassThrough.uasset" 202
"../../../Engine/Content/EngineMaterials/Widget3DPassThrough.uexp" 203
"../../../Engine/Content/EngineMaterials/Widget3DPassThrough_Masked.uasset" 204
"../../../Engine/Content/EngineMaterials/Widget3DPassThrough_Masked.uexp" 205
"../../../Engine/Content/EngineMaterials/Widget3DPassThrough_Opaque.uasset" 206
"../../../Engine/Content/EngineMaterials/Widget3DPassThrough_Opaque.uexp" 207
"../../../Engine/Content/EngineMaterials/Widget3DPassThrough_Masked_OneSided.uasset" 208
"../../../Engine/Content/EngineMaterials/Widget3DPassThrough_Masked_OneSided.uexp" 209
"../../../Engine/Content/EngineMaterials/Widget3DPassThrough_Opaque_OneSided.uasset" 210
"../../../Engine/Content/EngineMaterials/Widget3DPassThrough_Opaque_OneSided.uexp" 211
"../../../Engine/Content/EngineMaterials/Widget3DPassThrough_Translucent.uasset" 212
"../../../Engine/Content/EngineMaterials/Widget3DPassThrough_Translucent.uexp" 213
"../../../Engine/Content/EngineMaterials/Widget3DPassThrough_Translucent_OneSided.uasset" 214
"../../../Engine/Content/EngineMaterials/Widget3DPassThrough_Translucent_OneSided.uexp" 215
"../../../Engine/Content/EngineMeshes/Cylinder.uasset" 216
"../../../Engine/Content/EngineMeshes/Cylinder.uexp" 217
"../../../Engine/Content/EngineMeshes/Sphere.uasset" 218
"../../../Engine/Content/EngineMeshes/Sphere.uexp" 219
"../../../Engine/Content/EngineResources/DefaultTexture.uasset" 220
"../../../Engine/Content/EngineResources/DefaultTexture.uexp" 221
"../../../Engine/Content/EngineResources/DefaultTextureCube.uasset" 222
"../../../Engine/Content/EngineResources/DefaultTextureCube.uexp" 223
"../../../Engine/Content/EngineResources/DefaultVolumeTexture2D.uasset" 224
"../../../Engine/Content/EngineResources/DefaultVolumeTexture2D.uexp" 225
"../../../Engine/Content/EngineResources/DefaultVolumeTexture.uasset" 226
"../../../Engine/Content/EngineResources/DefaultVolumeTexture.uexp" 227
"../../../Engine/Content/EngineResources/GradientTexture0.uasset" 228
"../../../Engine/Content/EngineResources/GradientTexture0.uexp" 229
"../../../Engine/Content/EngineSky/VolumetricClouds/T_NoiseShape64.uasset" 230
"../../../Engine/Content/EngineSky/VolumetricClouds/T_NoiseShape64.uexp" 231
"../../../Engine/Content/EngineSky/VolumetricClouds/T_VolumeNoiseShape64.uasset" 232
"../../../Engine/Content/EngineSky/VolumetricClouds/T_VolumeNoiseShape64.uexp" 233
"../../../Engine/Content/EngineSky/VolumetricClouds/T_NoiseErosion.uasset" 234
"../../../Engine/Content/EngineSky/VolumetricClouds/T_NoiseErosion.uexp" 235
"../../../Engine/Content/EngineSky/VolumetricClouds/T_VolumeNoiseErosion32.uasset" 236
"../../../Engine/Content/EngineSky/VolumetricClouds/T_VolumeNoiseErosion32.uexp" 237
"../../../Engine/Content/EngineSky/VolumetricClouds/CloudWeatherTexture.uasset" 238
"../../../Engine/Content/EngineSky/VolumetricClouds/CloudWeatherTexture.uexp" 239
"../../../Engine/Content/EngineSky/VolumetricClouds/CloudGradientTexture.uasset" 240
"../../../Engine/Content/EngineSky/VolumetricClouds/CloudGradientTexture.uexp" 241
"../../../Engine/Content/Functions/Engine_MaterialFunctions02/Utility/MakeFloat2.uasset" 242
"../../../Engine/Content/Functions/Engine_MaterialFunctions02/Utility/MakeFloat2.uexp" 243
"../../../Engine/Content/EngineSky/VolumetricClouds/m_SimpleVolumetricCloud.uasset" 244
"../../../Engine/Content/EngineSky/VolumetricClouds/m_SimpleVolumetricCloud.uexp" 245
"../../../Engine/Content/EngineSky/VolumetricClouds/m_SimpleVolumetricCloud_Inst.uasset" 246
"../../../Engine/Content/EngineSky/VolumetricClouds/m_SimpleVolumetricCloud_Inst.uexp" 247
"../../../Engine/Content/EngineSounds/Master.uasset" 248
"../../../Engine/Content/EngineSounds/Master.uexp" 249
"../../../Engine/Content/Functions/Engine_MaterialFunctions01/Shading/PowerToRoughness.uasset" 250
"../../../Engine/Content/Functions/Engine_MaterialFunctions01/Shading/PowerToRoughness.uexp" 251
"../../../Engine/Content/Maps/Templates/Thumbnails/Default.uasset" 252
"../../../Engine/Content/Maps/Templates/Thumbnails/Default.uexp" 253
"../../../Engine/Content/Maps/Templates/Thumbnails/TimeOfDay.uasset" 254
"../../../Engine/Content/Maps/Templates/Thumbnails/TimeOfDay.uexp" 255
"../../../Engine/Content/Maps/Templates/Thumbnails/VR-Basic.uasset" 256
"../../../Engine/Content/Maps/Templates/Thumbnails/VR-Basic.uexp" 257
"../../../Engine/Content/MobileResources/T_MobileControls_texture.uasset" 258
"../../../Engine/Content/MobileResources/T_MobileControls_texture.uexp" 259
"../../../Engine/Content/MobileResources/T_MobileMenu2.uasset" 260
"../../../Engine/Content/MobileResources/T_MobileMenu2.uexp" 261
"../../../Engine/Content/MobileResources/HUD/AnalogHat.uasset" 262
"../../../Engine/Content/MobileResources/HUD/AnalogHat.uexp" 263
"../../../Engine/Content/MobileResources/HUD/VirtualJoystick_Thumb.uasset" 264
"../../../Engine/Content/MobileResources/HUD/VirtualJoystick_Thumb.uexp" 265
"../../../Engine/Content/MobileResources/HUD/VirtualJoystick_Background.uasset" 266
"../../../Engine/Content/MobileResources/HUD/VirtualJoystick_Background.uexp" 267
"../../../Engine/Content/MobileResources/HUD/DefaultVirtualJoysticks.uasset" 268
"../../../Engine/Content/MobileResources/HUD/DefaultVirtualJoysticks.uexp" 269
"../../../Engine/Content/MobileResources/HUD/LeftVirtualJoystickOnly.uasset" 270
"../../../Engine/Content/MobileResources/HUD/LeftVirtualJoystickOnly.uexp" 271
"../../../Engine/Content/MobileResources/HUD/MobileHUDButton1_off.uasset" 272
"../../../Engine/Content/MobileResources/HUD/MobileHUDButton1_off.uexp" 273
"../../../Engine/Content/MobileResources/HUD/MobileHUDButton1_on.uasset" 274
"../../../Engine/Content/MobileResources/HUD/MobileHUDButton1_on.uexp" 275
"../../../Engine/Content/MobileResources/HUD/MobileHUDButton2_off.uasset" 276
"../../../Engine/Content/MobileResources/HUD/MobileHUDButton2_off.uexp" 277
"../../../Engine/Content/MobileResources/HUD/MobileHUDButton2_on.uasset" 278
"../../../Engine/Content/MobileResources/HUD/MobileHUDButton2_on.uexp" 279
"../../../Engine/Content/MobileResources/HUD/MobileHUDButton3.uasset" 280
"../../../Engine/Content/MobileResources/HUD/MobileHUDButton3.uexp" 281
"../../../Engine/Content/MobileResources/HUD/MobileHUDButtonFire.uasset" 282
"../../../Engine/Content/MobileResources/HUD/MobileHUDButtonFire.uexp" 283
"../../../Engine/Content/MobileResources/HUD/MobileHUDDirectionPad.uasset" 284
"../../../Engine/Content/MobileResources/HUD/MobileHUDDirectionPad.uexp" 285
"../../../Engine/Content/MobileResources/HUD/MobileHUDDirectionPad2.uasset" 286
"../../../Engine/Content/MobileResources/HUD/MobileHUDDirectionPad2.uexp" 287
"../../../Engine/Content/MobileResources/HUD/MobileHUDDirectionPad3.uasset" 288
"../../../Engine/Content/MobileResources/HUD/MobileHUDDirectionPad3.uexp" 289
"../../../Engine/Content/MobileResources/HUD/MobileHUDDirectionStick.uasset" 290
"../../../Engine/Content/MobileResources/HUD/MobileHUDDirectionStick.uexp" 291
"../../../Engine/Content/MobileResources/HUD/T_Castle_ThumbstickInner.uasset" 292
"../../../Engine/Content/MobileResources/HUD/T_Castle_ThumbstickInner.uexp" 293
"../../../Engine/Content/MobileResources/HUD/T_Castle_ThumbstickOutter.uasset" 294
"../../../Engine/Content/MobileResources/HUD/T_Castle_ThumbstickOutter.uexp" 295
"../../../Engine/Content/Tutorial/ContentIntroCurve.uasset" 296
"../../../Engine/Content/Tutorial/ContentIntroCurve.uexp" 297
"../../../Engine/Content/VREditor/TransformGizmo/TranslucentTransformGizmoMaterial.uasset" 298
"../../../Engine/Content/VREditor/TransformGizmo/TranslucentTransformGizmoMaterial.uexp" 299
"../../../Engine/Content/VREditor/LaserPointer/VR_LaserPower_01.uasset" 300
"../../../Engine/Content/VREditor/LaserPointer/VR_LaserPower_01.uexp" 301
"../../../Engine/Content/VREditor/TransformGizmo/TransformGizmoMaterial.uasset" 302
"../../../Engine/Content/VREditor/TransformGizmo/TransformGizmoMaterial.uexp" 303
"../../../Engine/Content/VREditor/TransformGizmo/BoundingBoxCorner.uasset" 304
"../../../Engine/Content/VREditor/TransformGizmo/BoundingBoxCorner.uexp" 305
"../../../Engine/Content/VREditor/TransformGizmo/BoundingBoxEdge.uasset" 306
"../../../Engine/Content/VREditor/TransformGizmo/BoundingBoxEdge.uexp" 307
"../../../Engine/Content/VREditor/TransformGizmo/PlaneTranslationHandle.uasset" 308
"../../../Engine/Content/VREditor/TransformGizmo/PlaneTranslationHandle.uexp" 309
"../../../Engine/Content/VREditor/TransformGizmo/Xray.uasset" 310
"../../../Engine/Content/VREditor/TransformGizmo/Xray.uexp" 311
"../../../Engine/Content/VREditor/TransformGizmo/Main.uasset" 312
"../../../Engine/Content/VREditor/TransformGizmo/Main.uexp" 313
"../../../Engine/Content/VREditor/TransformGizmo/SM_Sequencer_Key.uasset" 314
"../../../Engine/Content/VREditor/TransformGizmo/SM_Sequencer_Key.uexp" 315
"../../../Engine/Content/VREditor/TransformGizmo/SM_Sequencer_Node.uasset" 316
"../../../Engine/Content/VREditor/TransformGizmo/SM_Sequencer_Node.uexp" 317
"../../../Engine/Plugins/2D/Paper2D/Content/PlaceholderTextures/DummySpriteTexture.uasset" 318
"../../../Engine/Plugins/2D/Paper2D/Content/PlaceholderTextures/DummySpriteTexture.uexp" 319
"../../../Engine/Plugins/2D/Paper2D/Content/DummySprite.uasset" 320
"../../../Engine/Plugins/2D/Paper2D/Content/DummySprite.uexp" 321
"../../../Engine/Plugins/2D/Paper2D/Content/DefaultPaperTerrainMaterial.uasset" 322
"../../../Engine/Plugins/2D/Paper2D/Content/DefaultPaperTerrainMaterial.uexp" 323
"../../../Engine/Plugins/2D/Paper2D/Content/DefaultSpriteMaterial.uasset" 324
"../../../Engine/Plugins/2D/Paper2D/Content/DefaultSpriteMaterial.uexp" 325
"../../../Engine/Plugins/2D/Paper2D/Content/MaskedUnlitSpriteMaterial.uasset" 326
"../../../Engine/Plugins/2D/Paper2D/Content/MaskedUnlitSpriteMaterial.uexp" 327
"../../../Engine/Plugins/2D/Paper2D/Content/OpaqueUnlitSpriteMaterial.uasset" 328
"../../../Engine/Plugins/2D/Paper2D/Content/OpaqueUnlitSpriteMaterial.uexp" 329
"../../../Engine/Content/BasicShapes/Cylinder.uasset" 330
"../../../Engine/Content/BasicShapes/Cylinder.uexp" 331
"../../../Engine/Content/ArtTools/RenderToTexture/Materials/Debug/M_Emissive_Color.uasset" 332
"../../../Engine/Content/ArtTools/RenderToTexture/Materials/Debug/M_Emissive_Color.uexp" 333
"../../../Engine/Content/EngineResources/Black.uasset" 334
"../../../Engine/Content/EngineResources/Black.uexp" 335
"../../../Engine/Content/Functions/Engine_MaterialFunctions02/Utility/BreakOutFloat3Components.uasset" 336
"../../../Engine/Content/Functions/Engine_MaterialFunctions02/Utility/BreakOutFloat3Components.uexp" 337
"../../../Engine/Content/Functions/Engine_MaterialFunctions02/Utility/VectorLength.uasset" 338
"../../../Engine/Content/Functions/Engine_MaterialFunctions02/Utility/VectorLength.uexp" 339
"../../../Engine/Content/Functions/Engine_MaterialFunctions02/WorldPositionOffset/ObjectScale.uasset" 340
"../../../Engine/Content/Functions/Engine_MaterialFunctions02/WorldPositionOffset/ObjectScale.uexp" 341
"../../../Engine/Plugins/Editor/SpeedTreeImporter/Content/SpeedTree9/UnpackInteger3.uasset" 342
"../../../Engine/Plugins/Editor/SpeedTreeImporter/Content/SpeedTree9/UnpackInteger3.uexp" 343
"../../../Engine/Plugins/Editor/SpeedTreeImporter/Content/SpeedTree9/UnpackDirection.uasset" 344
"../../../Engine/Plugins/Editor/SpeedTreeImporter/Content/SpeedTree9/UnpackDirection.uexp" 345
"../../../Engine/Plugins/Editor/SpeedTreeImporter/Content/SpeedTree9/game_wind_noise.uasset" 346
"../../../Engine/Plugins/Editor/SpeedTreeImporter/Content/SpeedTree9/game_wind_noise.uexp" 347
"../../../Engine/Content/Functions/Engine_MaterialFunctions02/SafeNormalize.uasset" 348
"../../../Engine/Content/Functions/Engine_MaterialFunctions02/SafeNormalize.uexp" 349
"../../../Engine/Plugins/Editor/SpeedTreeImporter/Content/SpeedTree9/SpeedTreeWindMotion.uasset" 350
"../../../Engine/Plugins/Editor/SpeedTreeImporter/Content/SpeedTree9/SpeedTreeWindMotion.uexp" 351
"../../../Engine/Plugins/Editor/SpeedTreeImporter/Content/SpeedTree9/SpeedTreeBranchMotion.uasset" 352
"../../../Engine/Plugins/Editor/SpeedTreeImporter/Content/SpeedTree9/SpeedTreeBranchMotion.uexp" 353
"../../../Engine/Content/Functions/Engine_MaterialFunctions02/ObjectLocalBounds.uasset" 354
"../../../Engine/Content/Functions/Engine_MaterialFunctions02/ObjectLocalBounds.uexp" 355
"../../../Engine/Content/Functions/Engine_MaterialFunctions02/UVs/BoundingBoxBased_0-1_UVW.uasset" 356
"../../../Engine/Content/Functions/Engine_MaterialFunctions02/UVs/BoundingBoxBased_0-1_UVW.uexp" 357
"../../../Engine/Plugins/Editor/SpeedTreeImporter/Content/SpeedTree9/SpeedTreeWind.uasset" 358
"../../../Engine/Plugins/Editor/SpeedTreeImporter/Content/SpeedTree9/SpeedTreeWind.uexp" 359
"../../../Engine/Plugins/Editor/SpeedTreeImporter/Content/SpeedTree9/SpeedTreeBillboard.uasset" 360
"../../../Engine/Plugins/Editor/SpeedTreeImporter/Content/SpeedTree9/SpeedTreeBillboard.uexp" 361
"../../../Engine/Plugins/Editor/SpeedTreeImporter/Content/SpeedTree9/EmptyNormal.uasset" 362
"../../../Engine/Plugins/Editor/SpeedTreeImporter/Content/SpeedTree9/EmptyNormal.uexp" 363
"../../../Engine/Plugins/Editor/SpeedTreeImporter/Content/SpeedTree9/Empty.uasset" 364
"../../../Engine/Plugins/Editor/SpeedTreeImporter/Content/SpeedTree9/Empty.uexp" 365
"../../../Engine/Plugins/Editor/SpeedTreeImporter/Content/SpeedTree9/SpeedTreeBillboardMaster.uasset" 366
"../../../Engine/Plugins/Editor/SpeedTreeImporter/Content/SpeedTree9/SpeedTreeBillboardMaster.uexp" 367
"../../../Engine/Plugins/Editor/SpeedTreeImporter/Content/SpeedTree9/SpeedTreeCameraFacing.uasset" 368
"../../../Engine/Plugins/Editor/SpeedTreeImporter/Content/SpeedTree9/SpeedTreeCameraFacing.uexp" 369
"../../../Engine/Plugins/Editor/SpeedTreeImporter/Content/SpeedTree9/SpeedTreeMaster.uasset" 370
"../../../Engine/Plugins/Editor/SpeedTreeImporter/Content/SpeedTree9/SpeedTreeMaster.uexp" 371
"../../../Engine/Content/Functions/Engine_MaterialFunctions02/Utility/BreakOutFloat4Components.uasset" 372
"../../../Engine/Content/Functions/Engine_MaterialFunctions02/Utility/BreakOutFloat4Components.uexp" 373
"../../../Engine/Content/Functions/Engine_MaterialFunctions02/Utility/MakeFloat3.uasset" 374
"../../../Engine/Content/Functions/Engine_MaterialFunctions02/Utility/MakeFloat3.uexp" 375
"../../../Engine/Content/MapTemplates/SM_Template_Map_Floor.uasset" 376
"../../../Engine/Content/MapTemplates/SM_Template_Map_Floor.uexp" 377
"../../../Engine/Content/EngineSky/T_Sky_Stars.uasset" 378
"../../../Engine/Content/EngineSky/T_Sky_Stars.uexp" 379
"../../../Engine/Content/EngineSky/T_Sky_Clouds_M.uasset" 380
"../../../Engine/Content/EngineSky/T_Sky_Clouds_M.uexp" 381
"../../../Engine/Content/EngineSky/T_Sky_Blue.uasset" 382
"../../../Engine/Content/EngineSky/T_Sky_Blue.uexp" 383
"../../../Engine/Content/EngineSky/M_Sky_Panning_Clouds2.uasset" 384
"../../../Engine/Content/EngineSky/M_Sky_Panning_Clouds2.uexp" 385
"D:/UE4_WebBuild/HTMLTEST_BASE/Content/NewMap_BuiltData.uasset" 386
"D:/UE4_WebBuild/HTMLTEST_BASE/Content/NewMap_BuiltData.uexp" 387
"../../../Engine/Content/EditorBlueprintResources/StandardMacros.uasset" 388
"../../../Engine/Content/EditorBlueprintResources/StandardMacros.uexp" 389
"../../../Engine/Content/EngineSky/SM_SkySphere.uasset" 390
"../../../Engine/Content/EngineSky/SM_SkySphere.uexp" 391
"../../../Engine/Content/EngineSky/C_Sky_Zenith_Color.uasset" 392
"../../../Engine/Content/EngineSky/C_Sky_Zenith_Color.uexp" 393
"../../../Engine/Content/EngineSky/C_Sky_Horizon_Color.uasset" 394
"../../../Engine/Content/EngineSky/C_Sky_Horizon_Color.uexp" 395
"../../../Engine/Content/EngineSky/C_Sky_Cloud_Color.uasset" 396
"../../../Engine/Content/EngineSky/C_Sky_Cloud_Color.uexp" 397
"../../../Engine/Content/EngineSky/BP_Sky_Sphere.uasset" 398
"../../../Engine/Content/EngineSky/BP_Sky_Sphere.uexp" 399
"D:/UE4_WebBuild/HTMLTEST_BASE/Content/NewMap.uexp" 400
"D:/UE4_WebBuild/HTMLTEST_BASE/Content/NewMap.umap" 401
"../../../Engine/Content/Maps/Entry_BuiltData.uasset" 402
"../../../Engine/Content/Maps/Entry_BuiltData.uexp" 403
"../../../Engine/Content/Maps/Entry.uexp" 404
"../../../Engine/Content/Maps/Entry.umap" 405
"../../../Engine/Content/Maps/Templates/Template_Default_BuiltData.uasset" 406
"../../../Engine/Content/Maps/Templates/Template_Default_BuiltData.uexp" 407
"../../../Engine/Content/Maps/Templates/Template_Default.uexp" 408
"../../../Engine/Content/Maps/Templates/Template_Default.umap" 409
